<?xml version="1.0" encoding="UTF-8"?>
<testng-results ignored="0" total="1" passed="1" failed="0" skipped="0">
  <reporter-output>
  </reporter-output>
  <suite started-at="2024-02-26T11:32:54 IST" name="Default suite" finished-at="2024-02-26T11:32:57 IST" duration-ms="3429">
    <groups>
    </groups>
    <test started-at="2024-02-26T11:32:54 IST" name="Default test" finished-at="2024-02-26T11:32:57 IST" duration-ms="3429">
      <class name="com.reqres.qa.tests.PathAndQueryParameters">
        <test-method signature="testPathAndQueryParameter()[pri:0, instance:com.reqres.qa.tests.PathAndQueryParameters@16293aa2]" started-at="2024-02-26T11:32:54 IST" name="testPathAndQueryParameter" finished-at="2024-02-26T11:32:57 IST" duration-ms="3363" status="PASS">
          <reporter-output>
          </reporter-output>
        </test-method> <!-- testPathAndQueryParameter -->
      </class> <!-- com.reqres.qa.tests.PathAndQueryParameters -->
    </test> <!-- Default test -->
  </suite> <!-- Default suite -->
</testng-results>
